<?xml version="1.0" encoding="UTF-8"?>
<testng-results skipped="0" failed="0" ignored="0" total="1" passed="1">
  <reporter-output>
  </reporter-output>
  <suite name="Default suite" duration-ms="10254" started-at="2020-06-29T10:47:48 IST" finished-at="2020-06-29T10:47:58 IST">
    <groups>
    </groups>
    <test name="Default test" duration-ms="10254" started-at="2020-06-29T10:47:48 IST" finished-at="2020-06-29T10:47:58 IST">
      <class name="practice.lms.TestNGBasicProgram">
        <test-method status="PASS" signature="negativeLogin()[pri:1, instance:practice.lms.TestNGBasicProgram@66480dd7]" name="negativeLogin" duration-ms="10213" started-at="2020-06-29T10:47:48 IST" finished-at="2020-06-29T10:47:58 IST">
          <reporter-output>
          </reporter-output>
        </test-method> <!-- negativeLogin -->
      </class> <!-- practice.lms.TestNGBasicProgram -->
    </test> <!-- Default test -->
  </suite> <!-- Default suite -->
</testng-results>
